<?xml version="1.0" encoding="UTF-8"?>
<!-- Generated by org.testng.reporters.JUnitReportReporter -->
<testsuite skipped="0" hostname="LT086984" name="com.individualcases.LoginPageone" tests="2" failures="0" timestamp="2020-11-16T09:53:56 IST" time="0.007" errors="0">
  <testcase name="Loginpage" time="0.003" classname="com.individualcases.LoginPageone"/>
  <system-out/>
  <testcase name="Logoutpage" time="0.004" classname="com.individualcases.LoginPageone"/>
  <system-out/>
</testsuite> <!-- com.individualcases.LoginPageone -->
