<?xml version="1.0" encoding="UTF-8"?>
<!-- Generated by org.testng.reporters.JUnitReportReporter -->
<testsuite skipped="0" hostname="LT086984" name="com.Trigger.MainTrigger" tests="1" failures="0" timestamp="2020-10-29T02:00:45 IST" time="33.053" errors="0">
  <testcase name="runthis" time="33.053" classname="com.Trigger.MainTrigger"/>
  <system-out/>
</testsuite> <!-- com.Trigger.MainTrigger -->
